TN:
SF:/Users/vaceslavaristov/WebstormProjects/htmlmodule/lib/a.js
FN:7,(anonymous_0)
FN:14,(anonymous_1)
FN:21,(anonymous_2)
FN:28,(anonymous_3)
FN:35,(anonymous_4)
FN:42,(anonymous_5)
FN:49,(anonymous_6)
FN:56,(anonymous_7)
FN:63,(anonymous_8)
FN:70,(anonymous_9)
FN:79,a
FNF:11
FNH:5
FNDA:4,(anonymous_0)
FNDA:0,(anonymous_1)
FNDA:1,(anonymous_2)
FNDA:0,(anonymous_3)
FNDA:1,(anonymous_4)
FNDA:0,(anonymous_5)
FNDA:0,(anonymous_6)
FNDA:0,(anonymous_7)
FNDA:1,(anonymous_8)
FNDA:0,(anonymous_9)
FNDA:4,a
DA:8,4
DA:15,0
DA:22,1
DA:29,0
DA:36,1
DA:43,0
DA:50,0
DA:57,0
DA:64,1
DA:71,0
DA:80,4
LF:11
LH:5
BRF:0
BRH:0
end_of_record
TN:
SF:/Users/vaceslavaristov/WebstormProjects/htmlmodule/lib/abbr.js
FN:9,abbr
FNF:1
FNH:1
FNDA:3,abbr
DA:10,3
LF:1
LH:1
BRF:0
BRH:0
end_of_record
TN:
SF:/Users/vaceslavaristov/WebstormProjects/htmlmodule/lib/address.js
FN:9,address
FNF:1
FNH:1
FNDA:1,address
DA:10,1
LF:1
LH:1
BRF:0
BRH:0
end_of_record
TN:
SF:/Users/vaceslavaristov/WebstormProjects/htmlmodule/lib/area.js
FN:9,area
FNF:1
FNH:1
FNDA:1,area
DA:10,1
LF:1
LH:1
BRF:0
BRH:0
end_of_record
TN:
SF:/Users/vaceslavaristov/WebstormProjects/htmlmodule/lib/article.js
FN:9,article
FNF:1
FNH:1
FNDA:3,article
DA:10,3
LF:1
LH:1
BRF:0
BRH:0
end_of_record
TN:
SF:/Users/vaceslavaristov/WebstormProjects/htmlmodule/lib/aside.js
FN:9,aside
FNF:1
FNH:1
FNDA:1,aside
DA:10,1
LF:1
LH:1
BRF:0
BRH:0
end_of_record
TN:
SF:/Users/vaceslavaristov/WebstormProjects/htmlmodule/lib/audio.js
FN:9,audio
FNF:1
FNH:1
FNDA:1,audio
DA:10,1
LF:1
LH:1
BRF:0
BRH:0
end_of_record
TN:
SF:/Users/vaceslavaristov/WebstormProjects/htmlmodule/lib/b.js
FN:9,b
FNF:1
FNH:1
FNDA:1,b
DA:10,1
LF:1
LH:1
BRF:0
BRH:0
end_of_record
TN:
SF:/Users/vaceslavaristov/WebstormProjects/htmlmodule/lib/base.js
FN:9,base
FNF:1
FNH:1
FNDA:1,base
DA:10,1
LF:1
LH:1
BRF:0
BRH:0
end_of_record
TN:
SF:/Users/vaceslavaristov/WebstormProjects/htmlmodule/lib/bdi.js
FN:9,bdi
FNF:1
FNH:1
FNDA:3,bdi
DA:10,3
LF:1
LH:1
BRF:0
BRH:0
end_of_record
TN:
SF:/Users/vaceslavaristov/WebstormProjects/htmlmodule/lib/bdo.js
FN:9,bdo
FNF:1
FNH:1
FNDA:1,bdo
DA:10,1
LF:1
LH:1
BRF:0
BRH:0
end_of_record
TN:
SF:/Users/vaceslavaristov/WebstormProjects/htmlmodule/lib/blockquote.js
FN:9,blockquote
FNF:1
FNH:1
FNDA:1,blockquote
DA:10,1
LF:1
LH:1
BRF:0
BRH:0
end_of_record
TN:
SF:/Users/vaceslavaristov/WebstormProjects/htmlmodule/lib/body.js
FN:13,(anonymous_0)
FN:25,(anonymous_1)
FN:39,body
FNF:3
FNH:1
FNDA:0,(anonymous_0)
FNDA:0,(anonymous_1)
FNDA:1,body
DA:3,1
DA:5,1
DA:6,1
DA:7,1
DA:14,0
DA:15,0
DA:16,0
DA:17,0
DA:19,0
DA:26,0
DA:27,0
DA:28,0
DA:29,0
DA:31,0
DA:40,1
LF:15
LH:5
BRDA:14,0,0,0
BRDA:14,0,1,0
BRDA:16,1,0,0
BRDA:16,1,1,0
BRDA:26,2,0,0
BRDA:26,2,1,0
BRDA:28,3,0,0
BRDA:28,3,1,0
BRF:8
BRH:0
end_of_record
TN:
SF:/Users/vaceslavaristov/WebstormProjects/htmlmodule/lib/br.js
FN:9,br
FNF:1
FNH:1
FNDA:1,br
DA:10,1
LF:1
LH:1
BRF:0
BRH:0
end_of_record
TN:
SF:/Users/vaceslavaristov/WebstormProjects/htmlmodule/lib/button.js
FN:4,(anonymous_0)
FN:8,(anonymous_1)
FN:12,(anonymous_2)
FN:16,(anonymous_3)
FN:20,(anonymous_4)
FN:24,(anonymous_5)
FN:28,(anonymous_6)
FN:32,(anonymous_7)
FN:36,(anonymous_8)
FN:40,(anonymous_9)
FN:44,(anonymous_10)
FN:48,(anonymous_11)
FN:52,(anonymous_12)
FN:56,(anonymous_13)
FN:60,(anonymous_14)
FN:64,(anonymous_15)
FN:68,(anonymous_16)
FN:72,(anonymous_17)
FN:76,(anonymous_18)
FN:80,(anonymous_19)
FN:84,(anonymous_20)
FN:88,(anonymous_21)
FN:92,(anonymous_22)
FN:96,(anonymous_23)
FN:100,(anonymous_24)
FN:104,(anonymous_25)
FN:108,(anonymous_26)
FN:112,(anonymous_27)
FN:121,button
FNF:29
FNH:11
FNDA:1,(anonymous_0)
FNDA:0,(anonymous_1)
FNDA:1,(anonymous_2)
FNDA:0,(anonymous_3)
FNDA:0,(anonymous_4)
FNDA:1,(anonymous_5)
FNDA:0,(anonymous_6)
FNDA:1,(anonymous_7)
FNDA:0,(anonymous_8)
FNDA:1,(anonymous_9)
FNDA:0,(anonymous_10)
FNDA:1,(anonymous_11)
FNDA:0,(anonymous_12)
FNDA:1,(anonymous_13)
FNDA:0,(anonymous_14)
FNDA:1,(anonymous_15)
FNDA:0,(anonymous_16)
FNDA:1,(anonymous_17)
FNDA:0,(anonymous_18)
FNDA:1,(anonymous_19)
FNDA:0,(anonymous_20)
FNDA:0,(anonymous_21)
FNDA:0,(anonymous_22)
FNDA:0,(anonymous_23)
FNDA:0,(anonymous_24)
FNDA:0,(anonymous_25)
FNDA:0,(anonymous_26)
FNDA:0,(anonymous_27)
FNDA:7,button
DA:5,1
DA:9,0
DA:13,1
DA:17,0
DA:21,0
DA:25,1
DA:29,0
DA:33,1
DA:37,0
DA:41,1
DA:45,0
DA:49,1
DA:53,0
DA:57,1
DA:61,0
DA:65,1
DA:69,0
DA:73,1
DA:77,0
DA:81,1
DA:85,0
DA:89,0
DA:93,0
DA:97,0
DA:101,0
DA:105,0
DA:109,0
DA:113,0
DA:122,7
LF:29
LH:11
BRF:0
BRH:0
end_of_record
TN:
SF:/Users/vaceslavaristov/WebstormProjects/htmlmodule/lib/canvas.js
FN:9,canvas
FNF:1
FNH:1
FNDA:1,canvas
DA:10,1
LF:1
LH:1
BRF:0
BRH:0
end_of_record
TN:
SF:/Users/vaceslavaristov/WebstormProjects/htmlmodule/lib/caption.js
FN:9,caption
FNF:1
FNH:1
FNDA:2,caption
DA:10,2
LF:1
LH:1
BRF:0
BRH:0
end_of_record
TN:
SF:/Users/vaceslavaristov/WebstormProjects/htmlmodule/lib/cite.js
FN:9,cite
FNF:1
FNH:1
FNDA:1,cite
DA:10,1
LF:1
LH:1
BRF:0
BRH:0
end_of_record
TN:
SF:/Users/vaceslavaristov/WebstormProjects/htmlmodule/lib/code.js
FN:9,code
FNF:1
FNH:1
FNDA:13,code
DA:10,13
LF:1
LH:1
BRF:0
BRH:0
end_of_record
TN:
SF:/Users/vaceslavaristov/WebstormProjects/htmlmodule/lib/col.js
FN:9,col
FNF:1
FNH:1
FNDA:1,col
DA:10,1
LF:1
LH:1
BRF:0
BRH:0
end_of_record
TN:
SF:/Users/vaceslavaristov/WebstormProjects/htmlmodule/lib/colgroup.js
FN:9,colgroup
FNF:1
FNH:1
FNDA:1,colgroup
DA:10,1
LF:1
LH:1
BRF:0
BRH:0
end_of_record
TN:
SF:/Users/vaceslavaristov/WebstormProjects/htmlmodule/lib/data.js
FN:9,data
FNF:1
FNH:0
FNDA:0,data
DA:10,0
LF:1
LH:0
BRF:0
BRH:0
end_of_record
TN:
SF:/Users/vaceslavaristov/WebstormProjects/htmlmodule/lib/datalist.js
FN:9,datalist
FNF:1
FNH:1
FNDA:1,datalist
DA:10,1
LF:1
LH:1
BRF:0
BRH:0
end_of_record
TN:
SF:/Users/vaceslavaristov/WebstormProjects/htmlmodule/lib/dd.js
FN:9,dd
FNF:1
FNH:1
FNDA:4,dd
DA:10,4
LF:1
LH:1
BRF:0
BRH:0
end_of_record
TN:
SF:/Users/vaceslavaristov/WebstormProjects/htmlmodule/lib/del.js
FN:9,del
FNF:1
FNH:1
FNDA:1,del
DA:10,1
LF:1
LH:1
BRF:0
BRH:0
end_of_record
TN:
SF:/Users/vaceslavaristov/WebstormProjects/htmlmodule/lib/details.js
FN:9,details
FNF:1
FNH:1
FNDA:2,details
DA:10,2
LF:1
LH:1
BRF:0
BRH:0
end_of_record
TN:
SF:/Users/vaceslavaristov/WebstormProjects/htmlmodule/lib/dfn.js
FN:9,dfn
FNF:1
FNH:1
FNDA:1,dfn
DA:10,1
LF:1
LH:1
BRF:0
BRH:0
end_of_record
TN:
SF:/Users/vaceslavaristov/WebstormProjects/htmlmodule/lib/dialog.js
FN:9,dialog
FNF:1
FNH:0
FNDA:0,dialog
DA:10,0
LF:1
LH:0
BRF:0
BRH:0
end_of_record
TN:
SF:/Users/vaceslavaristov/WebstormProjects/htmlmodule/lib/div.js
FN:9,div
FNF:1
FNH:1
FNDA:5,div
DA:10,5
LF:1
LH:1
BRF:0
BRH:0
end_of_record
TN:
SF:/Users/vaceslavaristov/WebstormProjects/htmlmodule/lib/dl.js
FN:9,dl
FNF:1
FNH:1
FNDA:2,dl
DA:10,2
LF:1
LH:1
BRF:0
BRH:0
end_of_record
TN:
SF:/Users/vaceslavaristov/WebstormProjects/htmlmodule/lib/document.js
FN:13,(anonymous_0)
FN:21,(anonymous_1)
FN:28,(anonymous_2)
FN:35,(anonymous_3)
FN:44,htmlDocument
FNF:5
FNH:0
FNDA:0,(anonymous_0)
FNDA:0,(anonymous_1)
FNDA:0,(anonymous_2)
FNDA:0,(anonymous_3)
FNDA:0,htmlDocument
DA:4,1
DA:6,1
DA:14,0
DA:15,0
DA:22,0
DA:29,0
DA:36,0
DA:45,0
LF:8
LH:2
BRDA:14,0,0,0
BRDA:14,1,0,0
BRDA:14,1,1,0
BRF:3
BRH:0
end_of_record
TN:
SF:/Users/vaceslavaristov/WebstormProjects/htmlmodule/lib/dt.js
FN:9,dt
FNF:1
FNH:1
FNDA:4,dt
DA:10,4
LF:1
LH:1
BRF:0
BRH:0
end_of_record
TN:
SF:/Users/vaceslavaristov/WebstormProjects/htmlmodule/lib/element.js
FN:12,(anonymous_0)
FN:19,(anonymous_1)
FN:23,(anonymous_2)
FN:27,(anonymous_3)
FN:31,(anonymous_4)
FN:35,(anonymous_5)
FN:42,(anonymous_6)
FN:49,(anonymous_7)
FN:56,(anonymous_8)
FN:63,(anonymous_9)
FN:70,(anonymous_10)
FN:77,(anonymous_11)
FN:84,(anonymous_12)
FN:91,(anonymous_13)
FN:98,(anonymous_14)
FN:105,(anonymous_15)
FN:112,(anonymous_16)
FN:122,(anonymous_17)
FN:130,(anonymous_18)
FN:137,(anonymous_19)
FN:144,(anonymous_20)
FN:151,(anonymous_21)
FN:158,(anonymous_22)
FN:165,(anonymous_23)
FN:175,(anonymous_24)
FN:186,(anonymous_25)
FN:193,(anonymous_26)
FN:202,(anonymous_27)
FN:218,(anonymous_28)
FNF:29
FNH:12
FNDA:240,(anonymous_0)
FNDA:0,(anonymous_1)
FNDA:0,(anonymous_2)
FNDA:0,(anonymous_3)
FNDA:8,(anonymous_4)
FNDA:0,(anonymous_5)
FNDA:1,(anonymous_6)
FNDA:0,(anonymous_7)
FNDA:2,(anonymous_8)
FNDA:0,(anonymous_9)
FNDA:2,(anonymous_10)
FNDA:0,(anonymous_11)
FNDA:1,(anonymous_12)
FNDA:0,(anonymous_13)
FNDA:2,(anonymous_14)
FNDA:0,(anonymous_15)
FNDA:3,(anonymous_16)
FNDA:0,(anonymous_17)
FNDA:5,(anonymous_18)
FNDA:0,(anonymous_19)
FNDA:0,(anonymous_20)
FNDA:0,(anonymous_21)
FNDA:1,(anonymous_22)
FNDA:0,(anonymous_23)
FNDA:239,(anonymous_24)
FNDA:0,(anonymous_25)
FNDA:0,(anonymous_26)
FNDA:220,(anonymous_27)
FNDA:0,(anonymous_28)
DA:3,1
DA:4,1
DA:6,1
DA:7,1
DA:8,1
DA:9,1
DA:13,240
DA:14,240
DA:15,10
DA:20,0
DA:24,0
DA:28,0
DA:32,8
DA:36,0
DA:43,1
DA:50,0
DA:57,2
DA:64,0
DA:71,2
DA:78,0
DA:85,1
DA:92,0
DA:99,2
DA:106,0
DA:113,3
DA:114,0
DA:116,3
DA:123,0
DA:124,0
DA:131,5
DA:138,0
DA:145,0
DA:152,0
DA:159,1
DA:166,0
DA:176,239
DA:177,239
DA:178,239
DA:180,0
DA:187,0
DA:194,0
DA:203,220
DA:205,217
DA:207,217
DA:208,217
DA:209,0
DA:211,217
DA:219,0
LF:48
LH:27
BRDA:14,0,0,10
BRDA:14,0,1,230
BRDA:14,1,0,240
BRDA:14,1,1,231
BRDA:14,1,2,80
BRDA:32,2,0,8
BRDA:32,2,1,0
BRDA:113,3,0,0
BRDA:113,3,1,3
BRDA:124,4,0,0
BRDA:124,4,1,0
BRDA:176,5,0,239
BRDA:176,5,1,0
BRDA:177,6,0,68
BRDA:177,7,0,239
BRDA:177,7,1,160
BRDA:194,8,0,0
BRDA:194,8,1,0
BRDA:203,9,0,3
BRDA:203,9,1,217
BRDA:208,10,0,217
BRDA:208,10,1,0
BRF:22
BRH:14
end_of_record
TN:
SF:/Users/vaceslavaristov/WebstormProjects/htmlmodule/lib/em.js
FN:9,em
FNF:1
FNH:1
FNDA:1,em
DA:10,1
LF:1
LH:1
BRF:0
BRH:0
end_of_record
TN:
SF:/Users/vaceslavaristov/WebstormProjects/htmlmodule/lib/embed.js
FN:9,embed
FNF:1
FNH:1
FNDA:1,embed
DA:10,1
LF:1
LH:1
BRF:0
BRH:0
end_of_record
TN:
SF:/Users/vaceslavaristov/WebstormProjects/htmlmodule/lib/fieldset.js
FN:9,fieldset
FNF:1
FNH:1
FNDA:2,fieldset
DA:10,2
LF:1
LH:1
BRF:0
BRH:0
end_of_record
TN:
SF:/Users/vaceslavaristov/WebstormProjects/htmlmodule/lib/figcaption.js
FN:9,figcaption
FNF:1
FNH:1
FNDA:1,figcaption
DA:10,1
LF:1
LH:1
BRF:0
BRH:0
end_of_record
TN:
SF:/Users/vaceslavaristov/WebstormProjects/htmlmodule/lib/figure.js
FN:9,figure
FNF:1
FNH:1
FNDA:1,figure
DA:10,1
LF:1
LH:1
BRF:0
BRH:0
end_of_record
TN:
SF:/Users/vaceslavaristov/WebstormProjects/htmlmodule/lib/footer.js
FN:9,footer
FNF:1
FNH:1
FNDA:1,footer
DA:10,1
LF:1
LH:1
BRF:0
BRH:0
end_of_record
TN:
SF:/Users/vaceslavaristov/WebstormProjects/htmlmodule/lib/form.js
FN:4,(anonymous_0)
FN:8,(anonymous_1)
FN:12,(anonymous_2)
FN:16,(anonymous_3)
FN:20,(anonymous_4)
FN:24,(anonymous_5)
FN:28,(anonymous_6)
FN:32,(anonymous_7)
FN:36,(anonymous_8)
FN:40,(anonymous_9)
FN:44,(anonymous_10)
FN:48,(anonymous_11)
FN:52,(anonymous_12)
FN:56,(anonymous_13)
FN:60,(anonymous_14)
FN:64,(anonymous_15)
FN:73,form
FNF:17
FNH:17
FNDA:1,(anonymous_0)
FNDA:1,(anonymous_1)
FNDA:1,(anonymous_2)
FNDA:1,(anonymous_3)
FNDA:1,(anonymous_4)
FNDA:1,(anonymous_5)
FNDA:1,(anonymous_6)
FNDA:1,(anonymous_7)
FNDA:1,(anonymous_8)
FNDA:1,(anonymous_9)
FNDA:1,(anonymous_10)
FNDA:1,(anonymous_11)
FNDA:1,(anonymous_12)
FNDA:1,(anonymous_13)
FNDA:1,(anonymous_14)
FNDA:1,(anonymous_15)
FNDA:3,form
DA:5,1
DA:9,1
DA:13,1
DA:17,1
DA:21,1
DA:25,1
DA:29,1
DA:33,1
DA:37,1
DA:41,1
DA:45,1
DA:49,1
DA:53,1
DA:57,1
DA:61,1
DA:65,1
DA:74,3
LF:17
LH:17
BRF:0
BRH:0
end_of_record
TN:
SF:/Users/vaceslavaristov/WebstormProjects/htmlmodule/lib/h1.js
FN:9,h1
FNF:1
FNH:1
FNDA:3,h1
DA:10,3
LF:1
LH:1
BRF:0
BRH:0
end_of_record
TN:
SF:/Users/vaceslavaristov/WebstormProjects/htmlmodule/lib/h2.js
FN:9,h2
FNF:1
FNH:1
FNDA:1,h2
DA:10,1
LF:1
LH:1
BRF:0
BRH:0
end_of_record
TN:
SF:/Users/vaceslavaristov/WebstormProjects/htmlmodule/lib/h3.js
FN:9,h3
FNF:1
FNH:1
FNDA:1,h3
DA:10,1
LF:1
LH:1
BRF:0
BRH:0
end_of_record
TN:
SF:/Users/vaceslavaristov/WebstormProjects/htmlmodule/lib/h4.js
FN:9,h4
FNF:1
FNH:1
FNDA:1,h4
DA:10,1
LF:1
LH:1
BRF:0
BRH:0
end_of_record
TN:
SF:/Users/vaceslavaristov/WebstormProjects/htmlmodule/lib/h5.js
FN:9,h5
FNF:1
FNH:1
FNDA:1,h5
DA:10,1
LF:1
LH:1
BRF:0
BRH:0
end_of_record
TN:
SF:/Users/vaceslavaristov/WebstormProjects/htmlmodule/lib/h6.js
FN:9,h6
FNF:1
FNH:1
FNDA:1,h6
DA:10,1
LF:1
LH:1
BRF:0
BRH:0
end_of_record
TN:
SF:/Users/vaceslavaristov/WebstormProjects/htmlmodule/lib/head.js
FN:9,head
FNF:1
FNH:1
FNDA:1,head
DA:10,1
LF:1
LH:1
BRF:0
BRH:0
end_of_record
TN:
SF:/Users/vaceslavaristov/WebstormProjects/htmlmodule/lib/header.js
FN:9,header
FNF:1
FNH:1
FNDA:2,header
DA:10,2
LF:1
LH:1
BRF:0
BRH:0
end_of_record
TN:
SF:/Users/vaceslavaristov/WebstormProjects/htmlmodule/lib/hgroup.js
FN:9,hgroup
FNF:1
FNH:1
FNDA:1,hgroup
DA:10,1
LF:1
LH:1
BRF:0
BRH:0
end_of_record
TN:
SF:/Users/vaceslavaristov/WebstormProjects/htmlmodule/lib/hr.js
FN:9,hr
FNF:1
FNH:1
FNDA:1,hr
DA:10,1
LF:1
LH:1
BRF:0
BRH:0
end_of_record
TN:
SF:/Users/vaceslavaristov/WebstormProjects/htmlmodule/lib/html.js
FN:6,(anonymous_0)
FN:15,html
FNF:2
FNH:1
FNDA:0,(anonymous_0)
FNDA:1,html
DA:3,1
DA:7,0
DA:16,1
LF:3
LH:2
BRF:0
BRH:0
end_of_record
TN:
SF:/Users/vaceslavaristov/WebstormProjects/htmlmodule/lib/i.js
FN:9,i
FNF:1
FNH:1
FNDA:2,i
DA:10,2
LF:1
LH:1
BRF:0
BRH:0
end_of_record
TN:
SF:/Users/vaceslavaristov/WebstormProjects/htmlmodule/lib/iframe.js
FN:9,iframe
FNF:1
FNH:1
FNDA:1,iframe
DA:10,1
LF:1
LH:1
BRF:0
BRH:0
end_of_record
TN:
SF:/Users/vaceslavaristov/WebstormProjects/htmlmodule/lib/img.js
FN:4,(anonymous_0)
FN:8,(anonymous_1)
FN:12,(anonymous_2)
FN:16,(anonymous_3)
FN:20,(anonymous_4)
FN:24,(anonymous_5)
FN:28,(anonymous_6)
FN:32,(anonymous_7)
FN:41,img
FNF:9
FNH:5
FNDA:1,(anonymous_0)
FNDA:0,(anonymous_1)
FNDA:1,(anonymous_2)
FNDA:0,(anonymous_3)
FNDA:1,(anonymous_4)
FNDA:0,(anonymous_5)
FNDA:1,(anonymous_6)
FNDA:0,(anonymous_7)
FNDA:1,img
DA:5,1
DA:9,0
DA:13,1
DA:17,0
DA:21,1
DA:25,0
DA:29,1
DA:33,0
DA:42,1
LF:9
LH:5
BRF:0
BRH:0
end_of_record
TN:
SF:/Users/vaceslavaristov/WebstormProjects/htmlmodule/lib/index.js
FNF:0
FNH:0
LF:0
LH:0
BRF:0
BRH:0
end_of_record
TN:
SF:/Users/vaceslavaristov/WebstormProjects/htmlmodule/lib/input.js
FN:4,(anonymous_0)
FN:8,(anonymous_1)
FN:12,(anonymous_2)
FN:16,(anonymous_3)
FN:20,(anonymous_4)
FN:24,(anonymous_5)
FN:33,input
FNF:7
FNH:4
FNDA:1,(anonymous_0)
FNDA:0,(anonymous_1)
FNDA:7,(anonymous_2)
FNDA:0,(anonymous_3)
FNDA:1,(anonymous_4)
FNDA:0,(anonymous_5)
FNDA:7,input
DA:5,1
DA:9,0
DA:13,7
DA:17,0
DA:21,1
DA:25,0
DA:34,7
LF:7
LH:4
BRF:0
BRH:0
end_of_record
TN:
SF:/Users/vaceslavaristov/WebstormProjects/htmlmodule/lib/ins.js
FN:9,ins
FNF:1
FNH:1
FNDA:1,ins
DA:10,1
LF:1
LH:1
BRF:0
BRH:0
end_of_record
TN:
SF:/Users/vaceslavaristov/WebstormProjects/htmlmodule/lib/kbd.js
FN:9,kbd
FNF:1
FNH:1
FNDA:1,kbd
DA:10,1
LF:1
LH:1
BRF:0
BRH:0
end_of_record
TN:
SF:/Users/vaceslavaristov/WebstormProjects/htmlmodule/lib/label.js
FN:9,label
FNF:1
FNH:1
FNDA:2,label
DA:10,2
LF:1
LH:1
BRF:0
BRH:0
end_of_record
TN:
SF:/Users/vaceslavaristov/WebstormProjects/htmlmodule/lib/legend.js
FN:9,legend
FNF:1
FNH:1
FNDA:2,legend
DA:10,2
LF:1
LH:1
BRF:0
BRH:0
end_of_record
TN:
SF:/Users/vaceslavaristov/WebstormProjects/htmlmodule/lib/li.js
FN:9,li
FNF:1
FNH:1
FNDA:10,li
DA:10,10
LF:1
LH:1
BRF:0
BRH:0
end_of_record
TN:
SF:/Users/vaceslavaristov/WebstormProjects/htmlmodule/lib/link.js
FN:9,link
FNF:1
FNH:1
FNDA:1,link
DA:10,1
LF:1
LH:1
BRF:0
BRH:0
end_of_record
TN:
SF:/Users/vaceslavaristov/WebstormProjects/htmlmodule/lib/main.js
FN:9,main
FNF:1
FNH:1
FNDA:2,main
DA:10,2
LF:1
LH:1
BRF:0
BRH:0
end_of_record
TN:
SF:/Users/vaceslavaristov/WebstormProjects/htmlmodule/lib/map.js
FN:9,map
FNF:1
FNH:1
FNDA:1,map
DA:10,1
LF:1
LH:1
BRF:0
BRH:0
end_of_record
TN:
SF:/Users/vaceslavaristov/WebstormProjects/htmlmodule/lib/mark.js
FN:9,mark
FNF:1
FNH:1
FNDA:1,mark
DA:10,1
LF:1
LH:1
BRF:0
BRH:0
end_of_record
TN:
SF:/Users/vaceslavaristov/WebstormProjects/htmlmodule/lib/menu.js
FN:9,menu
FNF:1
FNH:0
FNDA:0,menu
DA:10,0
LF:1
LH:0
BRF:0
BRH:0
end_of_record
TN:
SF:/Users/vaceslavaristov/WebstormProjects/htmlmodule/lib/meta.js
FN:9,meta
FNF:1
FNH:1
FNDA:1,meta
DA:10,1
LF:1
LH:1
BRF:0
BRH:0
end_of_record
TN:
SF:/Users/vaceslavaristov/WebstormProjects/htmlmodule/lib/meter.js
FN:9,meter
FNF:1
FNH:0
FNDA:0,meter
DA:10,0
LF:1
LH:0
BRF:0
BRH:0
end_of_record
TN:
SF:/Users/vaceslavaristov/WebstormProjects/htmlmodule/lib/nav.js
FN:9,nav
FNF:1
FNH:1
FNDA:2,nav
DA:10,2
LF:1
LH:1
BRF:0
BRH:0
end_of_record
TN:
SF:/Users/vaceslavaristov/WebstormProjects/htmlmodule/lib/noscript.js
FN:9,noscript
FNF:1
FNH:1
FNDA:1,noscript
DA:10,1
LF:1
LH:1
BRF:0
BRH:0
end_of_record
TN:
SF:/Users/vaceslavaristov/WebstormProjects/htmlmodule/lib/object.js
FN:14,(anonymous_0)
FN:23,object
FNF:2
FNH:2
FNDA:1,(anonymous_0)
FNDA:1,object
DA:3,1
DA:15,1
DA:24,1
LF:3
LH:3
BRF:0
BRH:0
end_of_record
TN:
SF:/Users/vaceslavaristov/WebstormProjects/htmlmodule/lib/ol.js
FN:9,ol
FNF:1
FNH:1
FNDA:2,ol
DA:10,2
LF:1
LH:1
BRF:0
BRH:0
end_of_record
TN:
SF:/Users/vaceslavaristov/WebstormProjects/htmlmodule/lib/optgroup.js
FN:9,optgroup
FNF:1
FNH:1
FNDA:1,optgroup
DA:10,1
LF:1
LH:1
BRF:0
BRH:0
end_of_record
TN:
SF:/Users/vaceslavaristov/WebstormProjects/htmlmodule/lib/option.js
FN:14,(anonymous_0)
FN:23,option
FNF:2
FNH:2
FNDA:7,(anonymous_0)
FNDA:7,option
DA:3,1
DA:15,7
DA:24,7
LF:3
LH:3
BRF:0
BRH:0
end_of_record
TN:
SF:/Users/vaceslavaristov/WebstormProjects/htmlmodule/lib/output.js
FN:9,output
FNF:1
FNH:0
FNDA:0,output
DA:10,0
LF:1
LH:0
BRF:0
BRH:0
end_of_record
TN:
SF:/Users/vaceslavaristov/WebstormProjects/htmlmodule/lib/p.js
FN:9,p
FNF:1
FNH:1
FNDA:2,p
DA:10,2
LF:1
LH:1
BRF:0
BRH:0
end_of_record
TN:
SF:/Users/vaceslavaristov/WebstormProjects/htmlmodule/lib/param.js
FN:9,param
FNF:1
FNH:1
FNDA:1,param
DA:10,1
LF:1
LH:1
BRF:0
BRH:0
end_of_record
TN:
SF:/Users/vaceslavaristov/WebstormProjects/htmlmodule/lib/picture.js
FN:9,picture
FNF:1
FNH:1
FNDA:1,picture
DA:10,1
LF:1
LH:1
BRF:0
BRH:0
end_of_record
TN:
SF:/Users/vaceslavaristov/WebstormProjects/htmlmodule/lib/pre.js
FN:9,pre
FNF:1
FNH:1
FNDA:1,pre
DA:10,1
LF:1
LH:1
BRF:0
BRH:0
end_of_record
TN:
SF:/Users/vaceslavaristov/WebstormProjects/htmlmodule/lib/progress.js
FN:9,progress
FNF:1
FNH:1
FNDA:1,progress
DA:10,1
LF:1
LH:1
BRF:0
BRH:0
end_of_record
TN:
SF:/Users/vaceslavaristov/WebstormProjects/htmlmodule/lib/q.js
FN:9,q
FNF:1
FNH:1
FNDA:1,q
DA:10,1
LF:1
LH:1
BRF:0
BRH:0
end_of_record
TN:
SF:/Users/vaceslavaristov/WebstormProjects/htmlmodule/lib/rp.js
FN:9,rp
FNF:1
FNH:1
FNDA:4,rp
DA:10,4
LF:1
LH:1
BRF:0
BRH:0
end_of_record
TN:
SF:/Users/vaceslavaristov/WebstormProjects/htmlmodule/lib/rt.js
FN:9,rt
FNF:1
FNH:1
FNDA:6,rt
DA:10,6
LF:1
LH:1
BRF:0
BRH:0
end_of_record
TN:
SF:/Users/vaceslavaristov/WebstormProjects/htmlmodule/lib/ruby.js
FN:9,ruby
FNF:1
FNH:1
FNDA:5,ruby
DA:10,5
LF:1
LH:1
BRF:0
BRH:0
end_of_record
TN:
SF:/Users/vaceslavaristov/WebstormProjects/htmlmodule/lib/s.js
FN:9,s
FNF:1
FNH:1
FNDA:1,s
DA:10,1
LF:1
LH:1
BRF:0
BRH:0
end_of_record
TN:
SF:/Users/vaceslavaristov/WebstormProjects/htmlmodule/lib/samp.js
FN:9,samp
FNF:1
FNH:1
FNDA:1,samp
DA:10,1
LF:1
LH:1
BRF:0
BRH:0
end_of_record
TN:
SF:/Users/vaceslavaristov/WebstormProjects/htmlmodule/lib/script.js
FN:9,script
FNF:1
FNH:1
FNDA:1,script
DA:10,1
LF:1
LH:1
BRF:0
BRH:0
end_of_record
TN:
SF:/Users/vaceslavaristov/WebstormProjects/htmlmodule/lib/section.js
FN:9,section
FNF:1
FNH:1
FNDA:7,section
DA:10,7
LF:1
LH:1
BRF:0
BRH:0
end_of_record
TN:
SF:/Users/vaceslavaristov/WebstormProjects/htmlmodule/lib/select.js
FN:9,select
FNF:1
FNH:1
FNDA:2,select
DA:10,2
LF:1
LH:1
BRF:0
BRH:0
end_of_record
TN:
SF:/Users/vaceslavaristov/WebstormProjects/htmlmodule/lib/small.js
FN:9,small
FNF:1
FNH:1
FNDA:1,small
DA:10,1
LF:1
LH:1
BRF:0
BRH:0
end_of_record
TN:
SF:/Users/vaceslavaristov/WebstormProjects/htmlmodule/lib/source.js
FN:9,source
FNF:1
FNH:1
FNDA:1,source
DA:10,1
LF:1
LH:1
BRF:0
BRH:0
end_of_record
TN:
SF:/Users/vaceslavaristov/WebstormProjects/htmlmodule/lib/span.js
FN:9,span
FNF:1
FNH:1
FNDA:5,span
DA:10,5
LF:1
LH:1
BRF:0
BRH:0
end_of_record
TN:
SF:/Users/vaceslavaristov/WebstormProjects/htmlmodule/lib/strong.js
FN:9,strong
FNF:1
FNH:1
FNDA:1,strong
DA:10,1
LF:1
LH:1
BRF:0
BRH:0
end_of_record
TN:
SF:/Users/vaceslavaristov/WebstormProjects/htmlmodule/lib/style.js
FN:9,style
FNF:1
FNH:1
FNDA:1,style
DA:10,1
LF:1
LH:1
BRF:0
BRH:0
end_of_record
TN:
SF:/Users/vaceslavaristov/WebstormProjects/htmlmodule/lib/sub.js
FN:9,sub
FNF:1
FNH:1
FNDA:1,sub
DA:10,1
LF:1
LH:1
BRF:0
BRH:0
end_of_record
TN:
SF:/Users/vaceslavaristov/WebstormProjects/htmlmodule/lib/summary.js
FN:9,summary
FNF:1
FNH:1
FNDA:2,summary
DA:10,2
LF:1
LH:1
BRF:0
BRH:0
end_of_record
TN:
SF:/Users/vaceslavaristov/WebstormProjects/htmlmodule/lib/sup.js
FN:9,sup
FNF:1
FNH:1
FNDA:1,sup
DA:10,1
LF:1
LH:1
BRF:0
BRH:0
end_of_record
TN:
SF:/Users/vaceslavaristov/WebstormProjects/htmlmodule/lib/table.js
FN:9,table
FNF:1
FNH:1
FNDA:2,table
DA:10,2
LF:1
LH:1
BRF:0
BRH:0
end_of_record
TN:
SF:/Users/vaceslavaristov/WebstormProjects/htmlmodule/lib/tbody.js
FN:9,tbody
FNF:1
FNH:1
FNDA:1,tbody
DA:10,1
LF:1
LH:1
BRF:0
BRH:0
end_of_record
TN:
SF:/Users/vaceslavaristov/WebstormProjects/htmlmodule/lib/td.js
FN:9,td
FNF:1
FNH:1
FNDA:12,td
DA:10,12
LF:1
LH:1
BRF:0
BRH:0
end_of_record
TN:
SF:/Users/vaceslavaristov/WebstormProjects/htmlmodule/lib/template.js
FN:9,template
FNF:1
FNH:0
FNDA:0,template
DA:10,0
LF:1
LH:0
BRF:0
BRH:0
end_of_record
TN:
SF:/Users/vaceslavaristov/WebstormProjects/htmlmodule/lib/textarea.js
FN:9,textarea
FNF:1
FNH:1
FNDA:1,textarea
DA:10,1
LF:1
LH:1
BRF:0
BRH:0
end_of_record
TN:
SF:/Users/vaceslavaristov/WebstormProjects/htmlmodule/lib/tfoot.js
FN:9,tfoot
FNF:1
FNH:1
FNDA:1,tfoot
DA:10,1
LF:1
LH:1
BRF:0
BRH:0
end_of_record
TN:
SF:/Users/vaceslavaristov/WebstormProjects/htmlmodule/lib/th.js
FN:9,th
FNF:1
FNH:1
FNDA:4,th
DA:10,4
LF:1
LH:1
BRF:0
BRH:0
end_of_record
TN:
SF:/Users/vaceslavaristov/WebstormProjects/htmlmodule/lib/thead.js
FN:9,thead
FNF:1
FNH:1
FNDA:1,thead
DA:10,1
LF:1
LH:1
BRF:0
BRH:0
end_of_record
TN:
SF:/Users/vaceslavaristov/WebstormProjects/htmlmodule/lib/time.js
FN:9,time
FNF:1
FNH:0
FNDA:0,time
DA:10,0
LF:1
LH:0
BRF:0
BRH:0
end_of_record
TN:
SF:/Users/vaceslavaristov/WebstormProjects/htmlmodule/lib/title.js
FN:9,title
FNF:1
FNH:1
FNDA:1,title
DA:10,1
LF:1
LH:1
BRF:0
BRH:0
end_of_record
TN:
SF:/Users/vaceslavaristov/WebstormProjects/htmlmodule/lib/tr.js
FN:9,tr
FNF:1
FNH:1
FNDA:8,tr
DA:10,8
LF:1
LH:1
BRF:0
BRH:0
end_of_record
TN:
SF:/Users/vaceslavaristov/WebstormProjects/htmlmodule/lib/track.js
FN:9,track
FNF:1
FNH:1
FNDA:1,track
DA:10,1
LF:1
LH:1
BRF:0
BRH:0
end_of_record
TN:
SF:/Users/vaceslavaristov/WebstormProjects/htmlmodule/lib/u.js
FN:9,u
FNF:1
FNH:1
FNDA:1,u
DA:10,1
LF:1
LH:1
BRF:0
BRH:0
end_of_record
TN:
SF:/Users/vaceslavaristov/WebstormProjects/htmlmodule/lib/ul.js
FN:9,ul
FNF:1
FNH:1
FNDA:2,ul
DA:10,2
LF:1
LH:1
BRF:0
BRH:0
end_of_record
TN:
SF:/Users/vaceslavaristov/WebstormProjects/htmlmodule/lib/var.js
FN:12,variable
FNF:1
FNH:1
FNDA:1,variable
DA:13,1
LF:1
LH:1
BRF:0
BRH:0
end_of_record
TN:
SF:/Users/vaceslavaristov/WebstormProjects/htmlmodule/lib/video.js
FN:9,video
FNF:1
FNH:1
FNDA:1,video
DA:10,1
LF:1
LH:1
BRF:0
BRH:0
end_of_record
TN:
SF:/Users/vaceslavaristov/WebstormProjects/htmlmodule/lib/wbr.js
FN:9,wbr
FNF:1
FNH:1
FNDA:1,wbr
DA:10,1
LF:1
LH:1
BRF:0
BRH:0
end_of_record
